0 info it worked if it ends with ok
1 verbose cli [ '/home/lulu/.nvm/versions/node/v6.11.1/bin/node',
1 verbose cli   '/home/lulu/.nvm/versions/node/v6.11.1/bin/npm',
1 verbose cli   'start' ]
2 info using npm@3.10.10
3 info using node@v6.11.1
4 verbose run-script [ 'prestart', 'start', 'poststart' ]
5 info lifecycle lulu-note@1.0.0~prestart: lulu-note@1.0.0
6 silly lifecycle lulu-note@1.0.0~prestart: no script for prestart, continuing
7 info lifecycle lulu-note@1.0.0~start: lulu-note@1.0.0
8 verbose lifecycle lulu-note@1.0.0~start: unsafe-perm in lifecycle true
9 verbose lifecycle lulu-note@1.0.0~start: PATH: /home/lulu/.nvm/versions/node/v6.11.1/lib/node_modules/npm/bin/node-gyp-bin:/home/lulu/Desktop/lulu-note/node_modules/.bin:/home/lulu/.nvm/versions/node/v6.11.1/bin:/usr/local/bin:/usr/bin:/bin:/usr/local/games:/usr/games
10 verbose lifecycle lulu-note@1.0.0~start: CWD: /home/lulu/Desktop/lulu-note
11 silly lifecycle lulu-note@1.0.0~start: Args: [ '-c', 'gitbook serve ./content ./gh-pages' ]
12 silly lifecycle lulu-note@1.0.0~start: Returned: code: 1  signal: null
13 info lifecycle lulu-note@1.0.0~start: Failed to exec start script
14 verbose stack Error: lulu-note@1.0.0 start: `gitbook serve ./content ./gh-pages`
14 verbose stack Exit status 1
14 verbose stack     at EventEmitter.<anonymous> (/home/lulu/.nvm/versions/node/v6.11.1/lib/node_modules/npm/lib/utils/lifecycle.js:255:16)
14 verbose stack     at emitTwo (events.js:106:13)
14 verbose stack     at EventEmitter.emit (events.js:191:7)
14 verbose stack     at ChildProcess.<anonymous> (/home/lulu/.nvm/versions/node/v6.11.1/lib/node_modules/npm/lib/utils/spawn.js:40:14)
14 verbose stack     at emitTwo (events.js:106:13)
14 verbose stack     at ChildProcess.emit (events.js:191:7)
14 verbose stack     at maybeClose (internal/child_process.js:891:16)
14 verbose stack     at Process.ChildProcess._handle.onexit (internal/child_process.js:226:5)
15 verbose pkgid lulu-note@1.0.0
16 verbose cwd /home/lulu/Desktop/lulu-note
17 error Linux 4.9.0-deepin2-amd64
18 error argv "/home/lulu/.nvm/versions/node/v6.11.1/bin/node" "/home/lulu/.nvm/versions/node/v6.11.1/bin/npm" "start"
19 error node v6.11.1
20 error npm  v3.10.10
21 error code ELIFECYCLE
22 error lulu-note@1.0.0 start: `gitbook serve ./content ./gh-pages`
22 error Exit status 1
23 error Failed at the lulu-note@1.0.0 start script 'gitbook serve ./content ./gh-pages'.
23 error Make sure you have the latest version of node.js and npm installed.
23 error If you do, this is most likely a problem with the lulu-note package,
23 error not with npm itself.
23 error Tell the author that this fails on your system:
23 error     gitbook serve ./content ./gh-pages
23 error You can get information on how to open an issue for this project with:
23 error     npm bugs lulu-note
23 error Or if that isn't available, you can get their info via:
23 error     npm owner ls lulu-note
23 error There is likely additional logging output above.
24 verbose exit [ 1, true ]
